<?xml version="1.0" encoding="utf-8"?><testsuites><testsuite errors="0" failures="0" hostname="ip-172-31-33-97" name="pytest" skipped="0" tests="5" time="17.351" timestamp="2024-02-09T21:40:46.294598"><testcase classname="test.integration.todoApiTest.TestApi" name="test_api_addtodo" time="5.757" /><testcase classname="test.integration.todoApiTest.TestApi" name="test_api_deletetodo" time="3.586" /><testcase classname="test.integration.todoApiTest.TestApi" name="test_api_gettodo" time="0.970" /><testcase classname="test.integration.todoApiTest.TestApi" name="test_api_listtodos" time="2.888" /><testcase classname="test.integration.todoApiTest.TestApi" name="test_api_updatetodo" time="3.822" /></testsuite></testsuites>