<?xml version="1.0" encoding="utf-8"?><testsuites><testsuite errors="0" failures="0" hostname="ip-172-31-33-97" name="pytest" skipped="0" tests="5" time="17.001" timestamp="2024-02-09T21:27:09.991560"><testcase classname="test.integration.todoApiTest.TestApi" name="test_api_addtodo" time="5.525" /><testcase classname="test.integration.todoApiTest.TestApi" name="test_api_deletetodo" time="3.511" /><testcase classname="test.integration.todoApiTest.TestApi" name="test_api_gettodo" time="1.024" /><testcase classname="test.integration.todoApiTest.TestApi" name="test_api_listtodos" time="3.017" /><testcase classname="test.integration.todoApiTest.TestApi" name="test_api_updatetodo" time="3.564" /></testsuite></testsuites>